2023-05-04 16:30:56 - Starting BugTrackingApiApplication using Java 17.0.5 on DESKTOP-IU5DGFU with PID 16248 (D:\eMexo\MyWorkspaces\Workspace_1\Bug-Tracking-api\target\classes started by wicke in D:\eMexo\MyWorkspaces\Workspace_1\Bug-Tracking-api)
2023-05-04 16:30:56 - Running with Spring Boot v2.7.6, Spring v5.3.24
2023-05-04 16:30:56 - The following 1 profile is active: "sit"
2023-05-04 16:30:59 - Bootstrapping Spring Data JPA repositories in DEFAULT mode.
2023-05-04 16:30:59 - Finished Spring Data repository scanning in 162 ms. Found 3 JPA repository interfaces.
2023-05-04 16:31:01 - Tomcat initialized with port(s): 8090 (http)
2023-05-04 16:31:01 - Starting service [Tomcat]
2023-05-04 16:31:01 - Starting Servlet engine: [Apache Tomcat/9.0.69]
2023-05-04 16:31:01 - Initializing Spring embedded WebApplicationContext
2023-05-04 16:31:02 - Root WebApplicationContext: initialization completed in 5794 ms
2023-05-04 16:31:03 - HikariPool-1 - Starting...
2023-05-04 16:31:05 - HikariPool-1 - Start completed.
2023-05-04 16:31:05 - HHH000204: Processing PersistenceUnitInfo [name: default]
2023-05-04 16:31:05 - HHH000412: Hibernate ORM core version 5.6.14.Final
2023-05-04 16:31:07 - HCANN000001: Hibernate Commons Annotations {5.1.2.Final}
2023-05-04 16:31:07 - HHH000400: Using dialect: org.hibernate.dialect.Oracle12cDialect
2023-05-04 16:31:11 - HHH000490: Using JtaPlatform implementation: [org.hibernate.engine.transaction.jta.platform.internal.NoJtaPlatform]
2023-05-04 16:31:11 - Initialized JPA EntityManagerFactory for persistence unit 'default'
2023-05-04 16:31:14 - spring.jpa.open-in-view is enabled by default. Therefore, database queries may be performed during view rendering. Explicitly configure spring.jpa.open-in-view to disable this warning
2023-05-04 16:31:22 - Exposing 8 endpoint(s) beneath base path '/actuator'
2023-05-04 16:31:22 - Tomcat started on port(s): 8090 (http) with context path ''
2023-05-04 16:31:22 - Started BugTrackingApiApplication in 28.032 seconds (JVM running for 52.217)
2023-05-04 16:31:22 - BUG-TRACKING APPLICATION IS RUNNING NOW !!!
2023-05-04 16:40:25 - Initializing Spring DispatcherServlet 'dispatcherServlet'
2023-05-04 16:40:25 - Initializing Servlet 'dispatcherServlet'
2023-05-04 16:40:25 - Completed initialization in 73 ms
2023-05-04 16:40:26 - Inside ApplicationController and calling the getApplications method ...
2023-05-04 16:40:26 - Inside ApplicationServiceImpl findAll method ...
2023-05-04 16:40:26 - Fetching all applications response : [Application(id=101, name=OSA NIELSEN, createdOn=null, description=CAREER BARBAAD PROJECT, owner=TCS), Application(id=22, name=ADHOC, createdOn=null, description=A Data Processing Application., owner=BARANI), Application(id=103, name=BI-Apps, createdOn=null, description=Monitoring App., owner=DIVYA), Application(id=102, name=Discover, createdOn=null, description=An Angular Application., owner=Vidya), Application(id=105, name=Mobi-Wik, createdOn=null, description=Payment Gateway, owner=Pushpa Raj), Application(id=128, name=BLR HOSPTAL, createdOn=null, description=HOSPITAL, owner=VINEETHA), Application(id=126, name=CLUSTER MANAGER, createdOn=null, description=MANAGING NETWORKS, owner=RITESH EMEXO), Application(id=127, name=BIKER, createdOn=null, description=STUNT MANIA, owner=MOHAMMED SHAIK), Application(id=129, name=REEL MAKER, createdOn=null, description=MAKE STUPID FACES, owner=DIVYASREE EKBOTE), Application(id=141, name=TWITTER, createdOn=null, description=SNAPBOOK, owner=VINEETHA KORAPATI), Application(id=182, name=RandomApplicationHere, createdOn=null, description=RandomApplicationHere, owner=RandomApplicationHere), Application(id=184, name=SAMSUNG CALCULATOR, createdOn=null, description=MOBILE APP, owner=KISHORE), Application(id=188, name=OSAsss, createdOn=null, description=fgfgf, owner=vcvcn), Application(id=189, name=OSAngngn, createdOn=null, description=nbnb, owner=bbm), Application(id=190, name=hghn, createdOn=null, description=hghg, owner=bvv), Application(id=192, name=ttttttttyututg, createdOn=null, description=tfrgfrh, owner=jhgjg), Application(id=193, name=jlhljh, createdOn=null, description=yrtedtyh, owner=bjh), Application(id=194, name=hgfhf, createdOn=null, description=trtry, owner=ryet), Application(id=195, name=pppppppppp, createdOn=null, description=pppppppp, owner=pppppppp), Application(id=196, name=awaea, createdOn=null, description=weaea, owner=rdtyd), Application(id=197, name=KRISHNA, createdOn=null, description=KRISHNA, owner=KRISHNA), Application(id=198, name=HARI, createdOn=null, description=HARI, owner=HARI), Application(id=199, name=YOUTUBE, createdOn=null, description=STREAMING PLATFORM, owner=GOOGLE)]
2023-05-04 16:40:26 - Application response :[com.bugtracking.model.ApplicationVO@7334b30a, com.bugtracking.model.ApplicationVO@60515877, com.bugtracking.model.ApplicationVO@351681de, com.bugtracking.model.ApplicationVO@d0b4828, com.bugtracking.model.ApplicationVO@5b711660, com.bugtracking.model.ApplicationVO@31896f99, com.bugtracking.model.ApplicationVO@30100007, com.bugtracking.model.ApplicationVO@678d5425, com.bugtracking.model.ApplicationVO@349c8ca2, com.bugtracking.model.ApplicationVO@4e13c80f, com.bugtracking.model.ApplicationVO@7e33f9f2, com.bugtracking.model.ApplicationVO@7312b66d, com.bugtracking.model.ApplicationVO@23bbcd31, com.bugtracking.model.ApplicationVO@73b83af9, com.bugtracking.model.ApplicationVO@1225b115, com.bugtracking.model.ApplicationVO@74e2dce2, com.bugtracking.model.ApplicationVO@94d550a, com.bugtracking.model.ApplicationVO@3b10d928, com.bugtracking.model.ApplicationVO@4027a46, com.bugtracking.model.ApplicationVO@66e5b3e8, com.bugtracking.model.ApplicationVO@5e34f3b, com.bugtracking.model.ApplicationVO@38070f36, com.bugtracking.model.ApplicationVO@2fc0923a]
2023-05-04 16:42:08 - Inside the ApplicationController.getApplicationByName
2023-05-04 16:42:08 - Inside ApplicationServiceImpl.findMyApplicationByName and name: ADHOC
2023-05-04 16:42:08 - Custom findApplicationByNameCustom invoked Successfully !!!
2023-05-04 16:42:08 - Application details for the name ADHOC and the values :Application(id=22, name=ADHOC, createdOn=null, description=A Data Processing Application., owner=BARANI)
2023-05-04 16:42:08 - Application response:com.bugtracking.model.ApplicationVO@408564d1
2023-05-04 16:43:07 - Inside ApplicationController.save and applicationVO;com.bugtracking.model.ApplicationRequest@5ad2496e
2023-05-04 16:43:07 - Inside the ApplicationServiceImpl.save method and params, applicationRequest:com.bugtracking.model.ApplicationRequest@5ad2496e
2023-05-04 16:43:08 - Application Response, applicationResponse:Application(id=221, name=NIS, createdOn=null, description=INSIGHT STUDIO, owner=Divya)
2023-05-04 16:43:35 - Inside ApplicationController and calling the getApplications method ...
2023-05-04 16:43:35 - Inside ApplicationServiceImpl findAll method ...
2023-05-04 16:43:35 - Fetching all applications response : [Application(id=101, name=OSA NIELSEN, createdOn=null, description=CAREER BARBAAD PROJECT, owner=TCS), Application(id=22, name=ADHOC, createdOn=null, description=A Data Processing Application., owner=BARANI), Application(id=103, name=BI-Apps, createdOn=null, description=Monitoring App., owner=DIVYA), Application(id=102, name=Discover, createdOn=null, description=An Angular Application., owner=Vidya), Application(id=105, name=Mobi-Wik, createdOn=null, description=Payment Gateway, owner=Pushpa Raj), Application(id=128, name=BLR HOSPTAL, createdOn=null, description=HOSPITAL, owner=VINEETHA), Application(id=126, name=CLUSTER MANAGER, createdOn=null, description=MANAGING NETWORKS, owner=RITESH EMEXO), Application(id=127, name=BIKER, createdOn=null, description=STUNT MANIA, owner=MOHAMMED SHAIK), Application(id=129, name=REEL MAKER, createdOn=null, description=MAKE STUPID FACES, owner=DIVYASREE EKBOTE), Application(id=221, name=NIS, createdOn=null, description=INSIGHT STUDIO, owner=Divya), Application(id=141, name=TWITTER, createdOn=null, description=SNAPBOOK, owner=VINEETHA KORAPATI), Application(id=182, name=RandomApplicationHere, createdOn=null, description=RandomApplicationHere, owner=RandomApplicationHere), Application(id=184, name=SAMSUNG CALCULATOR, createdOn=null, description=MOBILE APP, owner=KISHORE), Application(id=188, name=OSAsss, createdOn=null, description=fgfgf, owner=vcvcn), Application(id=189, name=OSAngngn, createdOn=null, description=nbnb, owner=bbm), Application(id=190, name=hghn, createdOn=null, description=hghg, owner=bvv), Application(id=192, name=ttttttttyututg, createdOn=null, description=tfrgfrh, owner=jhgjg), Application(id=193, name=jlhljh, createdOn=null, description=yrtedtyh, owner=bjh), Application(id=194, name=hgfhf, createdOn=null, description=trtry, owner=ryet), Application(id=195, name=pppppppppp, createdOn=null, description=pppppppp, owner=pppppppp), Application(id=196, name=awaea, createdOn=null, description=weaea, owner=rdtyd), Application(id=197, name=KRISHNA, createdOn=null, description=KRISHNA, owner=KRISHNA), Application(id=198, name=HARI, createdOn=null, description=HARI, owner=HARI), Application(id=199, name=YOUTUBE, createdOn=null, description=STREAMING PLATFORM, owner=GOOGLE)]
2023-05-04 16:43:35 - Application response :[com.bugtracking.model.ApplicationVO@2aacea33, com.bugtracking.model.ApplicationVO@62753bc9, com.bugtracking.model.ApplicationVO@2435c28b, com.bugtracking.model.ApplicationVO@4c34287c, com.bugtracking.model.ApplicationVO@184aebb, com.bugtracking.model.ApplicationVO@4ae47631, com.bugtracking.model.ApplicationVO@404fd47c, com.bugtracking.model.ApplicationVO@2dd563c1, com.bugtracking.model.ApplicationVO@900f1b6, com.bugtracking.model.ApplicationVO@60bc4b59, com.bugtracking.model.ApplicationVO@5e6e9f06, com.bugtracking.model.ApplicationVO@58a33461, com.bugtracking.model.ApplicationVO@56a0f382, com.bugtracking.model.ApplicationVO@54c48c8c, com.bugtracking.model.ApplicationVO@7e78bfbd, com.bugtracking.model.ApplicationVO@3f398c2f, com.bugtracking.model.ApplicationVO@6ed454a9, com.bugtracking.model.ApplicationVO@1e040513, com.bugtracking.model.ApplicationVO@253ac439, com.bugtracking.model.ApplicationVO@56916c45, com.bugtracking.model.ApplicationVO@1aac1b22, com.bugtracking.model.ApplicationVO@243eb9f9, com.bugtracking.model.ApplicationVO@57d6aa4b, com.bugtracking.model.ApplicationVO@a7807b0]
2023-05-04 16:44:39 - Inside ApplicationController and calling the getApplications method ...
2023-05-04 16:44:39 - Inside ApplicationServiceImpl findAll method ...
2023-05-04 16:44:39 - Fetching all applications response : [Application(id=101, name=OSA NIELSEN, createdOn=null, description=CAREER BARBAAD PROJECT, owner=TCS), Application(id=22, name=ADHOC, createdOn=null, description=A Data Processing Application., owner=BARANI), Application(id=103, name=BI-Apps, createdOn=null, description=Monitoring App., owner=DIVYA), Application(id=102, name=Discover, createdOn=null, description=An Angular Application., owner=Vidya), Application(id=105, name=Mobi-Wik, createdOn=null, description=Payment Gateway, owner=Pushpa Raj), Application(id=128, name=BLR HOSPTAL, createdOn=null, description=HOSPITAL, owner=VINEETHA), Application(id=126, name=CLUSTER MANAGER, createdOn=null, description=MANAGING NETWORKS, owner=RITESH EMEXO), Application(id=127, name=BIKER, createdOn=null, description=STUNT MANIA, owner=MOHAMMED SHAIK), Application(id=129, name=REEL MAKER, createdOn=null, description=MAKE STUPID FACES, owner=DIVYASREE EKBOTE), Application(id=221, name=NIS, createdOn=null, description=INSIGHT STUDIO, owner=Divya), Application(id=141, name=TWITTER, createdOn=null, description=SNAPBOOK, owner=VINEETHA KORAPATI), Application(id=182, name=RandomApplicationHere, createdOn=null, description=RandomApplicationHere, owner=RandomApplicationHere), Application(id=184, name=SAMSUNG CALCULATOR, createdOn=null, description=MOBILE APP, owner=KISHORE), Application(id=188, name=OSAsss, createdOn=null, description=fgfgf, owner=vcvcn), Application(id=189, name=OSAngngn, createdOn=null, description=nbnb, owner=bbm), Application(id=190, name=hghn, createdOn=null, description=hghg, owner=bvv), Application(id=192, name=ttttttttyututg, createdOn=null, description=tfrgfrh, owner=jhgjg), Application(id=193, name=jlhljh, createdOn=null, description=yrtedtyh, owner=bjh), Application(id=194, name=hgfhf, createdOn=null, description=trtry, owner=ryet), Application(id=195, name=pppppppppp, createdOn=null, description=pppppppp, owner=pppppppp), Application(id=196, name=awaea, createdOn=null, description=weaea, owner=rdtyd), Application(id=197, name=KRISHNA, createdOn=null, description=KRISHNA, owner=KRISHNA), Application(id=198, name=HARI, createdOn=null, description=HARI, owner=HARI), Application(id=199, name=YOUTUBE, createdOn=null, description=STREAMING PLATFORM, owner=GOOGLE)]
2023-05-04 16:44:39 - Application response :[com.bugtracking.model.ApplicationVO@918c434, com.bugtracking.model.ApplicationVO@22a4e0cb, com.bugtracking.model.ApplicationVO@66aabcc9, com.bugtracking.model.ApplicationVO@37c50306, com.bugtracking.model.ApplicationVO@783348ae, com.bugtracking.model.ApplicationVO@7d945ddb, com.bugtracking.model.ApplicationVO@4e6bea54, com.bugtracking.model.ApplicationVO@51291dac, com.bugtracking.model.ApplicationVO@33bd591f, com.bugtracking.model.ApplicationVO@6c18b036, com.bugtracking.model.ApplicationVO@7db0ceab, com.bugtracking.model.ApplicationVO@646d68cc, com.bugtracking.model.ApplicationVO@3d41a0ff, com.bugtracking.model.ApplicationVO@14712e61, com.bugtracking.model.ApplicationVO@6fcf7fd2, com.bugtracking.model.ApplicationVO@606b51ef, com.bugtracking.model.ApplicationVO@509d5345, com.bugtracking.model.ApplicationVO@4d027d11, com.bugtracking.model.ApplicationVO@5927ba8c, com.bugtracking.model.ApplicationVO@63796c6e, com.bugtracking.model.ApplicationVO@59c41c3f, com.bugtracking.model.ApplicationVO@7f018e3, com.bugtracking.model.ApplicationVO@63e7314b, com.bugtracking.model.ApplicationVO@4b552b45]
2023-05-04 16:44:54 - Input to ApplicationController.delete, id:190
2023-05-04 16:44:54 - Input to AppplicationServiceImpl.delete, id:190
2023-05-04 16:45:14 - Inside ApplicationController and calling the getApplications method ...
2023-05-04 16:45:14 - Inside ApplicationServiceImpl findAll method ...
2023-05-04 16:45:14 - Fetching all applications response : [Application(id=101, name=OSA NIELSEN, createdOn=null, description=CAREER BARBAAD PROJECT, owner=TCS), Application(id=22, name=ADHOC, createdOn=null, description=A Data Processing Application., owner=BARANI), Application(id=103, name=BI-Apps, createdOn=null, description=Monitoring App., owner=DIVYA), Application(id=102, name=Discover, createdOn=null, description=An Angular Application., owner=Vidya), Application(id=105, name=Mobi-Wik, createdOn=null, description=Payment Gateway, owner=Pushpa Raj), Application(id=128, name=BLR HOSPTAL, createdOn=null, description=HOSPITAL, owner=VINEETHA), Application(id=126, name=CLUSTER MANAGER, createdOn=null, description=MANAGING NETWORKS, owner=RITESH EMEXO), Application(id=127, name=BIKER, createdOn=null, description=STUNT MANIA, owner=MOHAMMED SHAIK), Application(id=129, name=REEL MAKER, createdOn=null, description=MAKE STUPID FACES, owner=DIVYASREE EKBOTE), Application(id=221, name=NIS, createdOn=null, description=INSIGHT STUDIO, owner=Divya), Application(id=141, name=TWITTER, createdOn=null, description=SNAPBOOK, owner=VINEETHA KORAPATI), Application(id=182, name=RandomApplicationHere, createdOn=null, description=RandomApplicationHere, owner=RandomApplicationHere), Application(id=184, name=SAMSUNG CALCULATOR, createdOn=null, description=MOBILE APP, owner=KISHORE), Application(id=188, name=OSAsss, createdOn=null, description=fgfgf, owner=vcvcn), Application(id=189, name=OSAngngn, createdOn=null, description=nbnb, owner=bbm), Application(id=192, name=ttttttttyututg, createdOn=null, description=tfrgfrh, owner=jhgjg), Application(id=193, name=jlhljh, createdOn=null, description=yrtedtyh, owner=bjh), Application(id=194, name=hgfhf, createdOn=null, description=trtry, owner=ryet), Application(id=195, name=pppppppppp, createdOn=null, description=pppppppp, owner=pppppppp), Application(id=196, name=awaea, createdOn=null, description=weaea, owner=rdtyd), Application(id=197, name=KRISHNA, createdOn=null, description=KRISHNA, owner=KRISHNA), Application(id=198, name=HARI, createdOn=null, description=HARI, owner=HARI), Application(id=199, name=YOUTUBE, createdOn=null, description=STREAMING PLATFORM, owner=GOOGLE)]
2023-05-04 16:45:14 - Application response :[com.bugtracking.model.ApplicationVO@1476a282, com.bugtracking.model.ApplicationVO@7943fe04, com.bugtracking.model.ApplicationVO@4e15d3fd, com.bugtracking.model.ApplicationVO@3d957667, com.bugtracking.model.ApplicationVO@1c56a1e5, com.bugtracking.model.ApplicationVO@7a83dfb5, com.bugtracking.model.ApplicationVO@1ae97123, com.bugtracking.model.ApplicationVO@c591a57, com.bugtracking.model.ApplicationVO@2529dbb0, com.bugtracking.model.ApplicationVO@41b3c6d7, com.bugtracking.model.ApplicationVO@1082c7ab, com.bugtracking.model.ApplicationVO@544dec4e, com.bugtracking.model.ApplicationVO@3f52492c, com.bugtracking.model.ApplicationVO@6008a56f, com.bugtracking.model.ApplicationVO@66b1895a, com.bugtracking.model.ApplicationVO@5da5365e, com.bugtracking.model.ApplicationVO@70930fef, com.bugtracking.model.ApplicationVO@5595ff4f, com.bugtracking.model.ApplicationVO@3f8457fe, com.bugtracking.model.ApplicationVO@4be79196, com.bugtracking.model.ApplicationVO@23e31372, com.bugtracking.model.ApplicationVO@5976ffc6, com.bugtracking.model.ApplicationVO@44d078b1]
2023-05-04 16:45:54 - Inside ApplicationController and calling the getApplications method ...
2023-05-04 16:45:54 - Inside ApplicationServiceImpl findAll method ...
2023-05-04 16:45:54 - Fetching all applications response : [Application(id=101, name=OSA NIELSEN, createdOn=null, description=CAREER BARBAAD PROJECT, owner=TCS), Application(id=22, name=ADHOC, createdOn=null, description=A Data Processing Application., owner=BARANI), Application(id=103, name=BI-Apps, createdOn=null, description=Monitoring App., owner=DIVYA), Application(id=102, name=Discover, createdOn=null, description=An Angular Application., owner=Vidya), Application(id=105, name=Mobi-Wik, createdOn=null, description=Payment Gateway, owner=Pushpa Raj), Application(id=128, name=BLR HOSPTAL, createdOn=null, description=HOSPITAL, owner=VINEETHA), Application(id=126, name=CLUSTER MANAGER, createdOn=null, description=MANAGING NETWORKS, owner=RITESH EMEXO), Application(id=127, name=BIKER, createdOn=null, description=STUNT MANIA, owner=MOHAMMED SHAIK), Application(id=129, name=REEL MAKER, createdOn=null, description=MAKE STUPID FACES, owner=DIVYASREE EKBOTE), Application(id=221, name=NIS, createdOn=null, description=INSIGHT STUDIO, owner=Divya), Application(id=141, name=TWITTER, createdOn=null, description=SNAPBOOK, owner=VINEETHA KORAPATI), Application(id=182, name=RandomApplicationHere, createdOn=null, description=RandomApplicationHere, owner=RandomApplicationHere), Application(id=184, name=SAMSUNG CALCULATOR, createdOn=null, description=MOBILE APP, owner=KISHORE), Application(id=188, name=OSAsss, createdOn=null, description=fgfgf, owner=vcvcn), Application(id=189, name=OSAngngn, createdOn=null, description=nbnb, owner=bbm), Application(id=192, name=ttttttttyututg, createdOn=null, description=tfrgfrh, owner=jhgjg), Application(id=193, name=jlhljh, createdOn=null, description=yrtedtyh, owner=bjh), Application(id=194, name=hgfhf, createdOn=null, description=trtry, owner=ryet), Application(id=195, name=pppppppppp, createdOn=null, description=pppppppp, owner=pppppppp), Application(id=196, name=awaea, createdOn=null, description=weaea, owner=rdtyd), Application(id=197, name=KRISHNA, createdOn=null, description=KRISHNA, owner=KRISHNA), Application(id=198, name=HARI, createdOn=null, description=HARI, owner=HARI), Application(id=199, name=YOUTUBE, createdOn=null, description=STREAMING PLATFORM, owner=GOOGLE)]
2023-05-04 16:45:54 - Application response :[com.bugtracking.model.ApplicationVO@5fe9d276, com.bugtracking.model.ApplicationVO@6f1dabdd, com.bugtracking.model.ApplicationVO@1c8e28fd, com.bugtracking.model.ApplicationVO@973bf65, com.bugtracking.model.ApplicationVO@1818a65f, com.bugtracking.model.ApplicationVO@1ad9a5c2, com.bugtracking.model.ApplicationVO@77fdbfa4, com.bugtracking.model.ApplicationVO@63e1aea9, com.bugtracking.model.ApplicationVO@3e16c6d4, com.bugtracking.model.ApplicationVO@69b68361, com.bugtracking.model.ApplicationVO@732c116c, com.bugtracking.model.ApplicationVO@1d567d46, com.bugtracking.model.ApplicationVO@15fe385e, com.bugtracking.model.ApplicationVO@488e0c0b, com.bugtracking.model.ApplicationVO@5bbad307, com.bugtracking.model.ApplicationVO@75a8397b, com.bugtracking.model.ApplicationVO@11f0c358, com.bugtracking.model.ApplicationVO@29267b39, com.bugtracking.model.ApplicationVO@2409b7f1, com.bugtracking.model.ApplicationVO@105e31ea, com.bugtracking.model.ApplicationVO@723daba, com.bugtracking.model.ApplicationVO@1dc686d4, com.bugtracking.model.ApplicationVO@74191ca2]
2023-05-04 16:49:12 - Inside ApplicationController and calling the getApplications method ...
2023-05-04 16:49:12 - Inside ApplicationServiceImpl findAll method ...
2023-05-04 16:49:12 - Fetching all applications response : [Application(id=101, name=OSA NIELSEN, createdOn=null, description=CAREER BARBAAD PROJECT, owner=TCS), Application(id=22, name=ADHOC, createdOn=null, description=A Data Processing Application., owner=BARANI), Application(id=103, name=BI-Apps, createdOn=null, description=Monitoring App., owner=DIVYA), Application(id=102, name=Discover, createdOn=null, description=An Angular Application., owner=Vidya), Application(id=105, name=Mobi-Wik, createdOn=null, description=Payment Gateway, owner=Pushpa Raj), Application(id=128, name=BLR HOSPTAL, createdOn=null, description=HOSPITAL, owner=VINEETHA), Application(id=126, name=CLUSTER MANAGER, createdOn=null, description=MANAGING NETWORKS, owner=RITESH EMEXO), Application(id=127, name=BIKER, createdOn=null, description=STUNT MANIA, owner=MOHAMMED SHAIK), Application(id=129, name=REEL MAKER, createdOn=null, description=MAKE STUPID FACES, owner=DIVYASREE EKBOTE), Application(id=221, name=NIS, createdOn=null, description=INSIGHT STUDIO, owner=Divya), Application(id=141, name=TWITTER, createdOn=null, description=SNAPBOOK, owner=VINEETHA KORAPATI), Application(id=182, name=RandomApplicationHere, createdOn=null, description=RandomApplicationHere, owner=RandomApplicationHere), Application(id=184, name=SAMSUNG CALCULATOR, createdOn=null, description=MOBILE APP, owner=KISHORE), Application(id=188, name=OSAsss, createdOn=null, description=fgfgf, owner=vcvcn), Application(id=189, name=OSAngngn, createdOn=null, description=nbnb, owner=bbm), Application(id=192, name=ttttttttyututg, createdOn=null, description=tfrgfrh, owner=jhgjg), Application(id=193, name=jlhljh, createdOn=null, description=yrtedtyh, owner=bjh), Application(id=194, name=hgfhf, createdOn=null, description=trtry, owner=ryet), Application(id=195, name=pppppppppp, createdOn=null, description=pppppppp, owner=pppppppp), Application(id=196, name=awaea, createdOn=null, description=weaea, owner=rdtyd), Application(id=197, name=KRISHNA, createdOn=null, description=KRISHNA, owner=KRISHNA), Application(id=198, name=HARI, createdOn=null, description=HARI, owner=HARI), Application(id=199, name=YOUTUBE, createdOn=null, description=STREAMING PLATFORM, owner=GOOGLE)]
2023-05-04 16:49:12 - Application response :[com.bugtracking.model.ApplicationVO@2bce3752, com.bugtracking.model.ApplicationVO@6846b056, com.bugtracking.model.ApplicationVO@6442fde3, com.bugtracking.model.ApplicationVO@3b4cf93e, com.bugtracking.model.ApplicationVO@61623da2, com.bugtracking.model.ApplicationVO@3c7be5d8, com.bugtracking.model.ApplicationVO@4f25aa51, com.bugtracking.model.ApplicationVO@137c3f82, com.bugtracking.model.ApplicationVO@63039f62, com.bugtracking.model.ApplicationVO@b5f3ff, com.bugtracking.model.ApplicationVO@6220a69a, com.bugtracking.model.ApplicationVO@10521573, com.bugtracking.model.ApplicationVO@6f556094, com.bugtracking.model.ApplicationVO@40d05c8a, com.bugtracking.model.ApplicationVO@2723367c, com.bugtracking.model.ApplicationVO@275a5666, com.bugtracking.model.ApplicationVO@634fc3d9, com.bugtracking.model.ApplicationVO@21b9f736, com.bugtracking.model.ApplicationVO@1f97a5ab, com.bugtracking.model.ApplicationVO@6a8b2959, com.bugtracking.model.ApplicationVO@77c76eda, com.bugtracking.model.ApplicationVO@19a93753, com.bugtracking.model.ApplicationVO@3bb16330]
2023-05-04 16:50:57 - Init duration for springdoc-openapi is: 1576 ms
2023-05-04 16:51:48 - Inside ApplicationController and calling the getApplications method ...
2023-05-04 16:51:48 - Inside ApplicationServiceImpl findAll method ...
2023-05-04 16:51:48 - Fetching all applications response : [Application(id=101, name=OSA NIELSEN, createdOn=null, description=CAREER BARBAAD PROJECT, owner=TCS), Application(id=22, name=ADHOC, createdOn=null, description=A Data Processing Application., owner=BARANI), Application(id=103, name=BI-Apps, createdOn=null, description=Monitoring App., owner=DIVYA), Application(id=102, name=Discover, createdOn=null, description=An Angular Application., owner=Vidya), Application(id=105, name=Mobi-Wik, createdOn=null, description=Payment Gateway, owner=Pushpa Raj), Application(id=128, name=BLR HOSPTAL, createdOn=null, description=HOSPITAL, owner=VINEETHA), Application(id=126, name=CLUSTER MANAGER, createdOn=null, description=MANAGING NETWORKS, owner=RITESH EMEXO), Application(id=127, name=BIKER, createdOn=null, description=STUNT MANIA, owner=MOHAMMED SHAIK), Application(id=129, name=REEL MAKER, createdOn=null, description=MAKE STUPID FACES, owner=DIVYASREE EKBOTE), Application(id=221, name=NIS, createdOn=null, description=INSIGHT STUDIO, owner=Divya), Application(id=141, name=TWITTER, createdOn=null, description=SNAPBOOK, owner=VINEETHA KORAPATI), Application(id=182, name=RandomApplicationHere, createdOn=null, description=RandomApplicationHere, owner=RandomApplicationHere), Application(id=184, name=SAMSUNG CALCULATOR, createdOn=null, description=MOBILE APP, owner=KISHORE), Application(id=188, name=OSAsss, createdOn=null, description=fgfgf, owner=vcvcn), Application(id=189, name=OSAngngn, createdOn=null, description=nbnb, owner=bbm), Application(id=192, name=ttttttttyututg, createdOn=null, description=tfrgfrh, owner=jhgjg), Application(id=193, name=jlhljh, createdOn=null, description=yrtedtyh, owner=bjh), Application(id=194, name=hgfhf, createdOn=null, description=trtry, owner=ryet), Application(id=195, name=pppppppppp, createdOn=null, description=pppppppp, owner=pppppppp), Application(id=196, name=awaea, createdOn=null, description=weaea, owner=rdtyd), Application(id=197, name=KRISHNA, createdOn=null, description=KRISHNA, owner=KRISHNA), Application(id=198, name=HARI, createdOn=null, description=HARI, owner=HARI), Application(id=199, name=YOUTUBE, createdOn=null, description=STREAMING PLATFORM, owner=GOOGLE)]
2023-05-04 16:51:48 - Application response :[com.bugtracking.model.ApplicationVO@1bac3274, com.bugtracking.model.ApplicationVO@61d3d074, com.bugtracking.model.ApplicationVO@694ec67, com.bugtracking.model.ApplicationVO@3e02fc69, com.bugtracking.model.ApplicationVO@4447564f, com.bugtracking.model.ApplicationVO@3be87ec3, com.bugtracking.model.ApplicationVO@1abe4a0d, com.bugtracking.model.ApplicationVO@33761c87, com.bugtracking.model.ApplicationVO@4dfdc188, com.bugtracking.model.ApplicationVO@351bb092, com.bugtracking.model.ApplicationVO@5d1d6a1e, com.bugtracking.model.ApplicationVO@5e0cd71e, com.bugtracking.model.ApplicationVO@7d5ebcd6, com.bugtracking.model.ApplicationVO@15a90ccf, com.bugtracking.model.ApplicationVO@2352d9fe, com.bugtracking.model.ApplicationVO@1b5e5ead, com.bugtracking.model.ApplicationVO@136ee91c, com.bugtracking.model.ApplicationVO@4efc40ca, com.bugtracking.model.ApplicationVO@7b54edc2, com.bugtracking.model.ApplicationVO@12166f33, com.bugtracking.model.ApplicationVO@76d44264, com.bugtracking.model.ApplicationVO@5a02b664, com.bugtracking.model.ApplicationVO@6646a1b]
2023-05-04 17:50:45 - HikariPool-1 - Thread starvation or clock leap detected (housekeeper delta=42m9s676ms388µs300ns).
2023-06-13 11:00:18 - Starting BugTrackingApiApplication using Java 17.0.6 on e49ffc9cf0eb517 with PID 3224 (C:\Users\Administrator\Downloads\BugTrackerProject\Spring-Boot-Projects\Bug-Tracking-api\target\classes started by Administrator in C:\Users\Administrator\Downloads\BugTrackerProject\Spring-Boot-Projects\Bug-Tracking-api)
2023-06-13 11:00:18 - Running with Spring Boot v2.7.6, Spring v5.3.24
2023-06-13 11:00:18 - No active profile set, falling back to 1 default profile: "default"
2023-06-13 11:00:22 - Bootstrapping Spring Data JPA repositories in DEFAULT mode.
2023-06-13 11:00:22 - Finished Spring Data repository scanning in 203 ms. Found 3 JPA repository interfaces.
2023-06-13 11:00:25 - Tomcat initialized with port(s): 8085 (http)
2023-06-13 11:00:25 - Starting service [Tomcat]
2023-06-13 11:00:25 - Starting Servlet engine: [Apache Tomcat/9.0.69]
2023-06-13 11:00:26 - Initializing Spring embedded WebApplicationContext
2023-06-13 11:00:26 - Root WebApplicationContext: initialization completed in 7605 ms
2023-06-13 11:00:27 - HikariPool-1 - Starting...
2023-06-13 11:00:28 - HikariPool-1 - Start completed.
2023-06-13 11:00:28 - HHH000204: Processing PersistenceUnitInfo [name: default]
2023-06-13 11:00:29 - HHH000412: Hibernate ORM core version 5.6.14.Final
2023-06-13 11:00:29 - HCANN000001: Hibernate Commons Annotations {5.1.2.Final}
2023-06-13 11:00:29 - HHH000400: Using dialect: org.hibernate.dialect.H2Dialect
2023-06-13 11:00:32 - HHH000490: Using JtaPlatform implementation: [org.hibernate.engine.transaction.jta.platform.internal.NoJtaPlatform]
2023-06-13 11:00:32 - Initialized JPA EntityManagerFactory for persistence unit 'default'
2023-06-13 11:00:35 - spring.jpa.open-in-view is enabled by default. Therefore, database queries may be performed during view rendering. Explicitly configure spring.jpa.open-in-view to disable this warning
2023-06-13 11:00:39 - Exposing 8 endpoint(s) beneath base path '/actuator'
2023-06-13 11:00:39 - Tomcat started on port(s): 8085 (http) with context path ''
2023-06-13 11:00:39 - Started BugTrackingApiApplication in 23.499 seconds (JVM running for 25.074)
2023-06-13 11:00:40 - BUG-TRACKING APPLICATION IS RUNNING NOW !!!
2023-06-13 11:41:58 - Closing JPA EntityManagerFactory for persistence unit 'default'
2023-06-13 11:41:58 - HHH000477: Starting delayed evictData of schema as part of SessionFactory shut-down'
2023-06-13 11:41:58 - HikariPool-1 - Shutdown initiated...
2023-06-13 11:41:58 - HikariPool-1 - Shutdown completed.
2023-06-13 11:42:27 - Starting BugTrackingApiApplication using Java 17.0.6 on e49ffc9cf0eb517 with PID 10740 (C:\Users\Administrator\Downloads\BugTrackerProject\Spring-Boot-Projects\Bug-Tracking-api\target\classes started by Administrator in C:\Users\Administrator\Downloads\BugTrackerProject\Spring-Boot-Projects\Bug-Tracking-api)
2023-06-13 11:42:27 - Running with Spring Boot v2.7.6, Spring v5.3.24
2023-06-13 11:42:27 - No active profile set, falling back to 1 default profile: "default"
2023-06-13 11:42:30 - Bootstrapping Spring Data JPA repositories in DEFAULT mode.
2023-06-13 11:42:30 - Finished Spring Data repository scanning in 345 ms. Found 3 JPA repository interfaces.
2023-06-13 11:42:34 - Tomcat initialized with port(s): 8085 (http)
2023-06-13 11:42:34 - Starting service [Tomcat]
2023-06-13 11:42:34 - Starting Servlet engine: [Apache Tomcat/9.0.69]
2023-06-13 11:42:34 - Initializing Spring embedded WebApplicationContext
2023-06-13 11:42:34 - Root WebApplicationContext: initialization completed in 7310 ms
2023-06-13 11:42:37 - HHH000204: Processing PersistenceUnitInfo [name: default]
2023-06-13 11:42:37 - HHH000412: Hibernate ORM core version 5.6.14.Final
2023-06-13 11:42:37 - HCANN000001: Hibernate Commons Annotations {5.1.2.Final}
2023-06-13 11:42:38 - HikariPool-1 - Starting...
2023-06-13 11:42:39 - HikariPool-1 - Start completed.
2023-06-13 11:42:39 - HHH000400: Using dialect: org.hibernate.dialect.MySQL8Dialect
2023-06-13 11:42:42 - HHH000490: Using JtaPlatform implementation: [org.hibernate.engine.transaction.jta.platform.internal.NoJtaPlatform]
2023-06-13 11:42:42 - Initialized JPA EntityManagerFactory for persistence unit 'default'
2023-06-13 11:42:44 - spring.jpa.open-in-view is enabled by default. Therefore, database queries may be performed during view rendering. Explicitly configure spring.jpa.open-in-view to disable this warning
2023-06-13 11:42:51 - Exposing 8 endpoint(s) beneath base path '/actuator'
2023-06-13 11:42:51 - Tomcat started on port(s): 8085 (http) with context path ''
2023-06-13 11:42:51 - Started BugTrackingApiApplication in 25.828 seconds (JVM running for 27.093)
2023-06-13 11:42:52 - BUG-TRACKING APPLICATION IS RUNNING NOW !!!
2023-06-13 12:32:19 - Initializing Spring DispatcherServlet 'dispatcherServlet'
2023-06-13 12:32:19 - Initializing Servlet 'dispatcherServlet'
2023-06-13 12:32:20 - Completed initialization in 333 ms
